2021-08-09 11:50:55 info: Listening on port 8080
2021-08-09 12:07:46 info: Listening on port 8080
2021-08-09 12:19:14 info: Listening on port 8080
2021-08-09 12:24:39 info: Listening on port 8080
2021-08-09 12:25:39 info: Listening on port 8080
2021-08-09 12:25:48 info: Listening on port 8080
2021-08-09 12:27:12 info: Listening on port 8080
2021-08-09 12:27:26 error: Error: Can't add new command when connection is in closed state
    at Connection._addCommandClosedState (C:\Users\BIT\WebstormProjects\react-practices\07.integration\app01.emaillist\node_modules\mysql2\lib\connection.js:137:17)
    at Connection.end (C:\Users\BIT\WebstormProjects\react-practices\07.integration\app01.emaillist\node_modules\mysql2\lib\connection.js:819:26)
    at Object.findAll (C:\Users\BIT\WebstormProjects\react-practices\07.integration\app01.emaillist\backend\models\chat.js:16:18)
    at processTicksAndRejections (internal/process/task_queues.js:93:5)
    at async readAll (C:\Users\BIT\WebstormProjects\react-practices\07.integration\app01.emaillist\backend\controllers\chat.js:6:29)
2021-08-09 12:27:45 error: Error: Failed to lookup view "index" in views directory "C:\Users\BIT\WebstormProjects\react-practices\07.integration\app01.emaillist\backend\views"
    at Function.render (C:\Users\BIT\WebstormProjects\react-practices\07.integration\app01.emaillist\node_modules\express\lib\application.js:580:17)
    at ServerResponse.render (C:\Users\BIT\WebstormProjects\react-practices\07.integration\app01.emaillist\node_modules\express\lib\response.js:1012:7)
    at readAll (C:\Users\BIT\WebstormProjects\react-practices\07.integration\app01.emaillist\backend\controllers\chat.js:7:17)
    at processTicksAndRejections (internal/process/task_queues.js:93:5)
2021-08-09 12:27:54 error: Error: Failed to lookup view "index" in views directory "C:\Users\BIT\WebstormProjects\react-practices\07.integration\app01.emaillist\backend\views"
    at Function.render (C:\Users\BIT\WebstormProjects\react-practices\07.integration\app01.emaillist\node_modules\express\lib\application.js:580:17)
    at ServerResponse.render (C:\Users\BIT\WebstormProjects\react-practices\07.integration\app01.emaillist\node_modules\express\lib\response.js:1012:7)
    at readAll (C:\Users\BIT\WebstormProjects\react-practices\07.integration\app01.emaillist\backend\controllers\chat.js:7:17)
    at processTicksAndRejections (internal/process/task_queues.js:93:5)
2021-08-09 12:29:36 error: Error: Failed to lookup view "index" in views directory "C:\Users\BIT\WebstormProjects\react-practices\07.integration\app01.emaillist\backend\views"
    at Function.render (C:\Users\BIT\WebstormProjects\react-practices\07.integration\app01.emaillist\node_modules\express\lib\application.js:580:17)
    at ServerResponse.render (C:\Users\BIT\WebstormProjects\react-practices\07.integration\app01.emaillist\node_modules\express\lib\response.js:1012:7)
    at readAll (C:\Users\BIT\WebstormProjects\react-practices\07.integration\app01.emaillist\backend\controllers\chat.js:7:17)
    at processTicksAndRejections (internal/process/task_queues.js:93:5)
2021-08-09 12:29:48 info: Listening on port 8080
2021-08-09 12:30:58 info: Listening on port 8080
2021-08-09 12:31:10 info: Listening on port 8080
2021-08-09 12:31:21 info: Listening on port 8080
2021-08-09 12:31:22 error: RangeError [ERR_HTTP_INVALID_STATUS_CODE]: Invalid status code: index
    at ServerResponse.writeHead (_http_server.js:255:11)
    at ServerResponse.writeHead (C:\Users\BIT\WebstormProjects\react-practices\07.integration\app01.emaillist\node_modules\on-headers\index.js:44:26)
    at ServerResponse._implicitHeader (_http_server.js:246:8)
    at write_ (_http_outgoing.js:685:9)
    at ServerResponse.end (_http_outgoing.js:799:5)
    at ServerResponse.end (C:\Users\BIT\WebstormProjects\react-practices\07.integration\app01.emaillist\node_modules\express-session\index.js:359:19)
    at ServerResponse.send (C:\Users\BIT\WebstormProjects\react-practices\07.integration\app01.emaillist\node_modules\express\lib\response.js:221:10)
    at ServerResponse.json (C:\Users\BIT\WebstormProjects\react-practices\07.integration\app01.emaillist\node_modules\express\lib\response.js:267:15)
    at ServerResponse.send (C:\Users\BIT\WebstormProjects\react-practices\07.integration\app01.emaillist\node_modules\express\lib\response.js:158:21)
    at readAll (C:\Users\BIT\WebstormProjects\react-practices\07.integration\app01.emaillist\backend\controllers\chat.js:7:17)
2021-08-09 12:31:28 info: Listening on port 8080
2021-08-09 12:31:28 error: RangeError [ERR_HTTP_INVALID_STATUS_CODE]: Invalid status code: index
    at ServerResponse.writeHead (_http_server.js:255:11)
    at ServerResponse.writeHead (C:\Users\BIT\WebstormProjects\react-practices\07.integration\app01.emaillist\node_modules\on-headers\index.js:44:26)
    at ServerResponse._implicitHeader (_http_server.js:246:8)
    at write_ (_http_outgoing.js:685:9)
    at ServerResponse.end (_http_outgoing.js:799:5)
    at ServerResponse.end (C:\Users\BIT\WebstormProjects\react-practices\07.integration\app01.emaillist\node_modules\express-session\index.js:359:19)
    at ServerResponse.send (C:\Users\BIT\WebstormProjects\react-practices\07.integration\app01.emaillist\node_modules\express\lib\response.js:221:10)
    at ServerResponse.json (C:\Users\BIT\WebstormProjects\react-practices\07.integration\app01.emaillist\node_modules\express\lib\response.js:267:15)
    at ServerResponse.send (C:\Users\BIT\WebstormProjects\react-practices\07.integration\app01.emaillist\node_modules\express\lib\response.js:158:21)
    at readAll (C:\Users\BIT\WebstormProjects\react-practices\07.integration\app01.emaillist\backend\controllers\chat.js:7:17)
2021-08-09 12:31:28 error: RangeError [ERR_HTTP_INVALID_STATUS_CODE]: Invalid status code: index
    at ServerResponse.writeHead (_http_server.js:255:11)
    at ServerResponse.writeHead (C:\Users\BIT\WebstormProjects\react-practices\07.integration\app01.emaillist\node_modules\on-headers\index.js:44:26)
    at ServerResponse._implicitHeader (_http_server.js:246:8)
    at write_ (_http_outgoing.js:685:9)
    at ServerResponse.end (_http_outgoing.js:799:5)
    at ServerResponse.end (C:\Users\BIT\WebstormProjects\react-practices\07.integration\app01.emaillist\node_modules\express-session\index.js:359:19)
    at ServerResponse.send (C:\Users\BIT\WebstormProjects\react-practices\07.integration\app01.emaillist\node_modules\express\lib\response.js:221:10)
    at ServerResponse.json (C:\Users\BIT\WebstormProjects\react-practices\07.integration\app01.emaillist\node_modules\express\lib\response.js:267:15)
    at ServerResponse.send (C:\Users\BIT\WebstormProjects\react-practices\07.integration\app01.emaillist\node_modules\express\lib\response.js:158:21)
    at readAll (C:\Users\BIT\WebstormProjects\react-practices\07.integration\app01.emaillist\backend\controllers\chat.js:7:17)
2021-08-09 12:33:51 info: Listening on port 8080
2021-08-09 12:33:51 error: RangeError [ERR_HTTP_INVALID_STATUS_CODE]: Invalid status code: index
    at ServerResponse.writeHead (_http_server.js:255:11)
    at ServerResponse.writeHead (C:\Users\BIT\WebstormProjects\react-practices\07.integration\app01.emaillist\node_modules\on-headers\index.js:44:26)
    at ServerResponse._implicitHeader (_http_server.js:246:8)
    at write_ (_http_outgoing.js:685:9)
    at ServerResponse.end (_http_outgoing.js:799:5)
    at ServerResponse.end (C:\Users\BIT\WebstormProjects\react-practices\07.integration\app01.emaillist\node_modules\express-session\index.js:359:19)
    at ServerResponse.send (C:\Users\BIT\WebstormProjects\react-practices\07.integration\app01.emaillist\node_modules\express\lib\response.js:221:10)
    at ServerResponse.json (C:\Users\BIT\WebstormProjects\react-practices\07.integration\app01.emaillist\node_modules\express\lib\response.js:267:15)
    at ServerResponse.send (C:\Users\BIT\WebstormProjects\react-practices\07.integration\app01.emaillist\node_modules\express\lib\response.js:158:21)
    at readAll (C:\Users\BIT\WebstormProjects\react-practices\07.integration\app01.emaillist\backend\controllers\chat.js:7:17)
2021-08-09 12:34:26 info: Listening on port 8888
2021-08-09 12:34:38 error: RangeError [ERR_HTTP_INVALID_STATUS_CODE]: Invalid status code: index
    at ServerResponse.writeHead (_http_server.js:255:11)
    at ServerResponse.writeHead (C:\Users\BIT\WebstormProjects\react-practices\07.integration\app01.emaillist\node_modules\on-headers\index.js:44:26)
    at ServerResponse._implicitHeader (_http_server.js:246:8)
    at write_ (_http_outgoing.js:685:9)
    at ServerResponse.end (_http_outgoing.js:799:5)
    at ServerResponse.end (C:\Users\BIT\WebstormProjects\react-practices\07.integration\app01.emaillist\node_modules\express-session\index.js:359:19)
    at ServerResponse.send (C:\Users\BIT\WebstormProjects\react-practices\07.integration\app01.emaillist\node_modules\express\lib\response.js:221:10)
    at ServerResponse.json (C:\Users\BIT\WebstormProjects\react-practices\07.integration\app01.emaillist\node_modules\express\lib\response.js:267:15)
    at ServerResponse.send (C:\Users\BIT\WebstormProjects\react-practices\07.integration\app01.emaillist\node_modules\express\lib\response.js:158:21)
    at readAll (C:\Users\BIT\WebstormProjects\react-practices\07.integration\app01.emaillist\backend\controllers\chat.js:7:17)
2021-08-09 12:34:54 info: Listening on port 8888
2021-08-09 12:35:54 info: Listening on port 8888
2021-08-09 12:36:02 info: Listening on port 8888
2021-08-09 12:36:35 info: Listening on port 8888
2021-08-09 12:40:46 info: Listening on port 8888
2021-08-09 12:43:00 info: Listening on port 8888
2021-08-09 12:46:05 info: Listening on port 8888
2021-08-09 12:48:29 info: Listening on port 8888
2021-08-09 12:48:33 info: Listening on port 8888
2021-08-09 12:49:40 info: Listening on port 8887
2021-08-09 12:52:30 info: Listening on port 8888
2021-08-09 12:53:05 info: Listening on port 8888
2021-08-09 12:53:08 info: Listening on port 8888
2021-08-09 12:53:32 info: Listening on port 8888
2021-08-09 12:53:41 info: Listening on port 8888
2021-08-09 14:03:31 info: Listening on port 8888
2021-08-09 14:03:44 info: Listening on port 8888
2021-08-09 14:05:12 info: Listening on port 8888
2021-08-09 14:06:03 info: Listening on port 8888
2021-08-09 14:07:28 info: Listening on port 8888
2021-08-09 14:08:18 info: Listening on port 8888
2021-08-09 14:08:38 info: Listening on port 8888
2021-08-09 14:08:47 info: Listening on port 8888
2021-08-09 14:08:58 info: Listening on port 8888
2021-08-09 14:17:45 info: Listening on port 8888
2021-08-09 14:17:55 info: Listening on port 8888
2021-08-09 14:19:05 info: Listening on port 8888
2021-08-09 16:08:24 info: Listening on port 8888
2021-08-09 16:15:11 info: Listening on port 8888
2021-08-09 16:17:52 info: Listening on port 8888
2021-08-09 17:24:01 info: Listening on port 8888
2021-08-09 17:25:50 info: Listening on port 8888
2021-08-09 17:28:59 info: Listening on port 8888
2021-08-09 17:34:50 info: Listening on port 8888
2021-08-09 17:38:06 info: Listening on port 8888
2021-08-09 17:47:47 info: Listening on port 8888
2021-08-09 17:51:51 info: Listening on port 8888
2021-08-09 18:07:37 info: Listening on port 8888
2021-08-09 18:14:07 info: Listening on port 8888
2021-08-09 18:17:52 info: Listening on port 8888
2021-08-09 18:19:06 info: Listening on port 8888
2021-08-09 18:19:28 info: Listening on port 8888
2021-08-09 18:19:30 info: Listening on port 8888
2021-08-09 18:19:41 info: Listening on port 8888
2021-08-09 18:22:37 info: Listening on port 8888
2021-08-09 18:22:42 info: Listening on port 8888
2021-08-09 18:22:56 info: Listening on port 8888
2021-08-09 18:23:45 info: Listening on port 8888
2021-08-09 18:26:33 info: Listening on port 8888
2021-08-09 18:26:39 info: Listening on port 8888
2021-08-09 18:26:44 info: Listening on port 8888
2021-08-09 18:27:32 info: Listening on port 8888
2021-08-09 18:27:57 info: Listening on port 8888
2021-08-09 18:27:59 info: Listening on port 8888
2021-08-09 18:28:15 info: Listening on port 8888
2021-08-09 18:28:20 info: Listening on port 8888
2021-08-09 18:28:53 info: Listening on port 8888
2021-08-09 18:31:42 info: Listening on port 8888
2021-08-09 18:31:51 info: Listening on port 8888
2021-08-09 18:32:00 info: Listening on port 8888
2021-08-09 18:32:10 info: Listening on port 8888
2021-08-09 18:32:16 info: Listening on port 8888
2021-08-09 18:32:43 info: Listening on port 8888
2021-08-09 18:32:51 info: Listening on port 8888
2021-08-09 18:32:55 info: Listening on port 8888
2021-08-09 18:33:44 info: Listening on port 8888
2021-08-09 18:33:57 info: Listening on port 8888
2021-08-09 18:34:08 info: Listening on port 8888
2021-08-09 18:34:10 info: Listening on port 8888
2021-08-09 18:34:19 info: Listening on port 8888
2021-08-09 18:34:24 info: Listening on port 8888
2021-08-09 18:34:26 info: Listening on port 8888
2021-08-09 18:34:27 info: Listening on port 8888
2021-08-09 18:35:10 info: Listening on port 8888
2021-08-09 18:35:31 info: Listening on port 8888
2021-08-09 18:35:32 info: Listening on port 8888
2021-08-09 18:35:39 info: Listening on port 8888
2021-08-09 18:35:41 info: Listening on port 8888
2021-08-09 18:35:53 info: Listening on port 8888
2021-08-09 18:35:57 info: Listening on port 8888
2021-08-09 18:36:05 info: Listening on port 8888
2021-08-09 18:36:16 info: Listening on port 8888
2021-08-09 18:37:44 info: Listening on port 8888
2021-08-09 18:37:49 info: Listening on port 8888
2021-08-09 18:37:53 info: Listening on port 8888
2021-08-09 18:38:07 info: Listening on port 8888
2021-08-09 18:38:13 info: Listening on port 8888
2021-08-09 18:38:28 info: Listening on port 8888
2021-08-09 18:38:44 info: Listening on port 8888
2021-08-09 18:41:34 info: Listening on port 8888
2021-08-09 18:41:41 info: Listening on port 8888
2021-08-09 18:41:49 info: Listening on port 8888
2021-08-09 18:47:19 info: Listening on port 8888
