2021-08-09 12:27:26 error: Error: Can't add new command when connection is in closed state
    at Connection._addCommandClosedState (C:\Users\BIT\WebstormProjects\react-practices\07.integration\app01.emaillist\node_modules\mysql2\lib\connection.js:137:17)
    at Connection.end (C:\Users\BIT\WebstormProjects\react-practices\07.integration\app01.emaillist\node_modules\mysql2\lib\connection.js:819:26)
    at Object.findAll (C:\Users\BIT\WebstormProjects\react-practices\07.integration\app01.emaillist\backend\models\chat.js:16:18)
    at processTicksAndRejections (internal/process/task_queues.js:93:5)
    at async readAll (C:\Users\BIT\WebstormProjects\react-practices\07.integration\app01.emaillist\backend\controllers\chat.js:6:29)
2021-08-09 12:27:45 error: Error: Failed to lookup view "index" in views directory "C:\Users\BIT\WebstormProjects\react-practices\07.integration\app01.emaillist\backend\views"
    at Function.render (C:\Users\BIT\WebstormProjects\react-practices\07.integration\app01.emaillist\node_modules\express\lib\application.js:580:17)
    at ServerResponse.render (C:\Users\BIT\WebstormProjects\react-practices\07.integration\app01.emaillist\node_modules\express\lib\response.js:1012:7)
    at readAll (C:\Users\BIT\WebstormProjects\react-practices\07.integration\app01.emaillist\backend\controllers\chat.js:7:17)
    at processTicksAndRejections (internal/process/task_queues.js:93:5)
2021-08-09 12:27:54 error: Error: Failed to lookup view "index" in views directory "C:\Users\BIT\WebstormProjects\react-practices\07.integration\app01.emaillist\backend\views"
    at Function.render (C:\Users\BIT\WebstormProjects\react-practices\07.integration\app01.emaillist\node_modules\express\lib\application.js:580:17)
    at ServerResponse.render (C:\Users\BIT\WebstormProjects\react-practices\07.integration\app01.emaillist\node_modules\express\lib\response.js:1012:7)
    at readAll (C:\Users\BIT\WebstormProjects\react-practices\07.integration\app01.emaillist\backend\controllers\chat.js:7:17)
    at processTicksAndRejections (internal/process/task_queues.js:93:5)
2021-08-09 12:29:36 error: Error: Failed to lookup view "index" in views directory "C:\Users\BIT\WebstormProjects\react-practices\07.integration\app01.emaillist\backend\views"
    at Function.render (C:\Users\BIT\WebstormProjects\react-practices\07.integration\app01.emaillist\node_modules\express\lib\application.js:580:17)
    at ServerResponse.render (C:\Users\BIT\WebstormProjects\react-practices\07.integration\app01.emaillist\node_modules\express\lib\response.js:1012:7)
    at readAll (C:\Users\BIT\WebstormProjects\react-practices\07.integration\app01.emaillist\backend\controllers\chat.js:7:17)
    at processTicksAndRejections (internal/process/task_queues.js:93:5)
2021-08-09 12:31:22 error: RangeError [ERR_HTTP_INVALID_STATUS_CODE]: Invalid status code: index
    at ServerResponse.writeHead (_http_server.js:255:11)
    at ServerResponse.writeHead (C:\Users\BIT\WebstormProjects\react-practices\07.integration\app01.emaillist\node_modules\on-headers\index.js:44:26)
    at ServerResponse._implicitHeader (_http_server.js:246:8)
    at write_ (_http_outgoing.js:685:9)
    at ServerResponse.end (_http_outgoing.js:799:5)
    at ServerResponse.end (C:\Users\BIT\WebstormProjects\react-practices\07.integration\app01.emaillist\node_modules\express-session\index.js:359:19)
    at ServerResponse.send (C:\Users\BIT\WebstormProjects\react-practices\07.integration\app01.emaillist\node_modules\express\lib\response.js:221:10)
    at ServerResponse.json (C:\Users\BIT\WebstormProjects\react-practices\07.integration\app01.emaillist\node_modules\express\lib\response.js:267:15)
    at ServerResponse.send (C:\Users\BIT\WebstormProjects\react-practices\07.integration\app01.emaillist\node_modules\express\lib\response.js:158:21)
    at readAll (C:\Users\BIT\WebstormProjects\react-practices\07.integration\app01.emaillist\backend\controllers\chat.js:7:17)
2021-08-09 12:31:28 error: RangeError [ERR_HTTP_INVALID_STATUS_CODE]: Invalid status code: index
    at ServerResponse.writeHead (_http_server.js:255:11)
    at ServerResponse.writeHead (C:\Users\BIT\WebstormProjects\react-practices\07.integration\app01.emaillist\node_modules\on-headers\index.js:44:26)
    at ServerResponse._implicitHeader (_http_server.js:246:8)
    at write_ (_http_outgoing.js:685:9)
    at ServerResponse.end (_http_outgoing.js:799:5)
    at ServerResponse.end (C:\Users\BIT\WebstormProjects\react-practices\07.integration\app01.emaillist\node_modules\express-session\index.js:359:19)
    at ServerResponse.send (C:\Users\BIT\WebstormProjects\react-practices\07.integration\app01.emaillist\node_modules\express\lib\response.js:221:10)
    at ServerResponse.json (C:\Users\BIT\WebstormProjects\react-practices\07.integration\app01.emaillist\node_modules\express\lib\response.js:267:15)
    at ServerResponse.send (C:\Users\BIT\WebstormProjects\react-practices\07.integration\app01.emaillist\node_modules\express\lib\response.js:158:21)
    at readAll (C:\Users\BIT\WebstormProjects\react-practices\07.integration\app01.emaillist\backend\controllers\chat.js:7:17)
2021-08-09 12:31:28 error: RangeError [ERR_HTTP_INVALID_STATUS_CODE]: Invalid status code: index
    at ServerResponse.writeHead (_http_server.js:255:11)
    at ServerResponse.writeHead (C:\Users\BIT\WebstormProjects\react-practices\07.integration\app01.emaillist\node_modules\on-headers\index.js:44:26)
    at ServerResponse._implicitHeader (_http_server.js:246:8)
    at write_ (_http_outgoing.js:685:9)
    at ServerResponse.end (_http_outgoing.js:799:5)
    at ServerResponse.end (C:\Users\BIT\WebstormProjects\react-practices\07.integration\app01.emaillist\node_modules\express-session\index.js:359:19)
    at ServerResponse.send (C:\Users\BIT\WebstormProjects\react-practices\07.integration\app01.emaillist\node_modules\express\lib\response.js:221:10)
    at ServerResponse.json (C:\Users\BIT\WebstormProjects\react-practices\07.integration\app01.emaillist\node_modules\express\lib\response.js:267:15)
    at ServerResponse.send (C:\Users\BIT\WebstormProjects\react-practices\07.integration\app01.emaillist\node_modules\express\lib\response.js:158:21)
    at readAll (C:\Users\BIT\WebstormProjects\react-practices\07.integration\app01.emaillist\backend\controllers\chat.js:7:17)
2021-08-09 12:33:51 error: RangeError [ERR_HTTP_INVALID_STATUS_CODE]: Invalid status code: index
    at ServerResponse.writeHead (_http_server.js:255:11)
    at ServerResponse.writeHead (C:\Users\BIT\WebstormProjects\react-practices\07.integration\app01.emaillist\node_modules\on-headers\index.js:44:26)
    at ServerResponse._implicitHeader (_http_server.js:246:8)
    at write_ (_http_outgoing.js:685:9)
    at ServerResponse.end (_http_outgoing.js:799:5)
    at ServerResponse.end (C:\Users\BIT\WebstormProjects\react-practices\07.integration\app01.emaillist\node_modules\express-session\index.js:359:19)
    at ServerResponse.send (C:\Users\BIT\WebstormProjects\react-practices\07.integration\app01.emaillist\node_modules\express\lib\response.js:221:10)
    at ServerResponse.json (C:\Users\BIT\WebstormProjects\react-practices\07.integration\app01.emaillist\node_modules\express\lib\response.js:267:15)
    at ServerResponse.send (C:\Users\BIT\WebstormProjects\react-practices\07.integration\app01.emaillist\node_modules\express\lib\response.js:158:21)
    at readAll (C:\Users\BIT\WebstormProjects\react-practices\07.integration\app01.emaillist\backend\controllers\chat.js:7:17)
2021-08-09 12:34:38 error: RangeError [ERR_HTTP_INVALID_STATUS_CODE]: Invalid status code: index
    at ServerResponse.writeHead (_http_server.js:255:11)
    at ServerResponse.writeHead (C:\Users\BIT\WebstormProjects\react-practices\07.integration\app01.emaillist\node_modules\on-headers\index.js:44:26)
    at ServerResponse._implicitHeader (_http_server.js:246:8)
    at write_ (_http_outgoing.js:685:9)
    at ServerResponse.end (_http_outgoing.js:799:5)
    at ServerResponse.end (C:\Users\BIT\WebstormProjects\react-practices\07.integration\app01.emaillist\node_modules\express-session\index.js:359:19)
    at ServerResponse.send (C:\Users\BIT\WebstormProjects\react-practices\07.integration\app01.emaillist\node_modules\express\lib\response.js:221:10)
    at ServerResponse.json (C:\Users\BIT\WebstormProjects\react-practices\07.integration\app01.emaillist\node_modules\express\lib\response.js:267:15)
    at ServerResponse.send (C:\Users\BIT\WebstormProjects\react-practices\07.integration\app01.emaillist\node_modules\express\lib\response.js:158:21)
    at readAll (C:\Users\BIT\WebstormProjects\react-practices\07.integration\app01.emaillist\backend\controllers\chat.js:7:17)
